<?xml version="1.0" encoding="UTF-8"?>
<testng-results ignored="0" total="1" passed="1" failed="0" skipped="0">
  <reporter-output>
  </reporter-output>
  <suite started-at="2025-04-24T01:54:44 IST" name="Default suite" finished-at="2025-04-24T01:54:51 IST" duration-ms="7135">
    <groups>
    </groups>
    <test started-at="2025-04-24T01:54:44 IST" name="Default test" finished-at="2025-04-24T01:54:51 IST" duration-ms="7135">
      <class name="Day1Tutorialninja.Register.Testcase1">
        <test-method signature="RegisterWithMandatory()[pri:0, instance:Day1Tutorialninja.Register.Testcase1@313ac989]" started-at="2025-04-24T01:54:44 IST" name="RegisterWithMandatory" finished-at="2025-04-24T01:54:51 IST" duration-ms="7069" status="PASS">
          <reporter-output>
          </reporter-output>
        </test-method> <!-- RegisterWithMandatory -->
      </class> <!-- Day1Tutorialninja.Register.Testcase1 -->
    </test> <!-- Default test -->
  </suite> <!-- Default suite -->
</testng-results>
